00:00:00.000000 main     VirtualBox COM Server 6.1.8 r137981 win.amd64 (May 14 2020 20:30:31) release log
00:00:00.000000 main     Log opened 2020-06-15T16:09:22.861854700Z
00:00:00.000000 main     Build Type: release
00:00:00.000000 main     OS Product: Windows 8
00:00:00.000000 main     OS Release: 6.2.9200
00:00:00.000000 main     OS Service Pack: 
00:00:00.019009 main     DMI Product Name: X550CA
00:00:00.027014 main     DMI Product Version: 1.0       
00:00:00.027014 main     Firmware type: UEFI
00:00:00.040024 main     Secure Boot: Disabled
00:00:00.040024 main     Host RAM: 8077MB (7.8GB) total, 4749MB (4.6GB) available
00:00:00.040024 main     Executable: C:\Program Files\Oracle\VirtualBox\VBoxSVC.exe
00:00:00.040024 main     Process ID: 5452
00:00:00.040024 main     Package type: WINDOWS_64BITS_GENERIC
00:00:00.091059          VirtualBox: object creation starts
00:00:00.091059          Home directory: 'C:\Users\Javier\Downloads\Portable-VirtualBox\data\.VirtualBox'
00:00:00.091059          Installed Drivers:
00:00:00.093060            C:\Windows\system32\DRIVERS\VBoxUSBMon.sys (Version: 6.1.8.37981)
00:00:00.094061            C:\Windows\system32\DRIVERS\VBoxDrv.sys (Version: 6.1.8.37981)
00:00:00.094061            C:\Windows\system32\DRIVERS\VBoxNetAdp6.sys (Version: 6.1.8.37981)
00:00:00.097063          Loading settings file "C:\Users\Javier\Downloads\Portable-VirtualBox\data\.VirtualBox\VirtualBox.xml" with version "1.12-windows"
00:00:00.099063          usbLibGetDevices: Starting USB device enumeration
00:00:00.198731          Getting USB descriptor (id 0) failed (dwErr=31) on hub USB#VID_8087&PID_0024#5&1a5795a1&0&1#{f18a0e88-c30c-11d0-8815-00a0c906bed8} port 3
00:00:00.214570          usbLibGetDevices: Found 4 USB devices, 0 captured
00:00:00.215571          USB: Unknown USB device detected (idVendor: 0x0bda, idProduct: 0x5606)
00:00:00.277789          netIfGetBoundAdapters: could not find either 'oracle_VBoxNetLwf' or 'sun_VBoxNetFlt' components (0x1)
00:00:00.283783          HostDnsMonitor: initializing
00:00:00.290786          HostDnsMonitor: updating information
00:00:00.290786          HostDnsMonitor: old information
00:00:00.290786            no server entries
00:00:00.290786            no domain set
00:00:00.290786            no search string entries
00:00:00.290786          HostDnsMonitor: new information
00:00:00.290786            server 1: 1.1.1.1
00:00:00.290786            server 2: 1.0.0.1
00:00:00.290786            no domain set
00:00:00.290786            no search string entries
00:00:00.474051          VD: VDInit finished with VINF_SUCCESS
00:00:00.479644          Loading settings file "C:\Users\Javier\Downloads\Portable-VirtualBox\VirtualBox VMs\Mx-Linux\Mx-Linux.vbox" with version "1.16-windows"
00:00:00.514670          OCI: Local config file 'C:\Users\Javier\Downloads\Portable-VirtualBox\data\.VirtualBox\oci_config' does not exist
00:00:00.514670          OCI: Original config file 'C:\Users\Javier\.oci\config' does not exist
00:00:00.514670          OCI: Reading profiles finished with status ERROR_SUCCESS
00:00:00.514670          ExtPack: Created cloud provider 'OCI' (hrc=ERROR_SUCCESS)
00:00:00.514670          VirtualBox: object created
00:00:04.971035          Saving settings file "C:\Users\Javier\Downloads\Portable-VirtualBox\data\.VirtualBox\VirtualBox.xml" with version "1.12-windows"
00:00:05.053445          Saving settings file "C:\Users\Javier\Downloads\Portable-VirtualBox\data\.VirtualBox\VirtualBox.xml" with version "1.12-windows"
00:00:10.612564 main     VirtualBox: object deletion starts
00:00:10.621559 main     HostDnsMonitor: shutting down ...
00:00:10.621559 main     HostDnsMonitor: shut down
00:00:10.624563 Watcher  ERROR [COM]: aRC=E_ACCESSDENIED (0x80070005) aIID={d0a0163f-e254-4e5b-a1f2-011cf991c38d} aComponent={VirtualBoxWrap} aText={The object is not ready}, preserve=false aResultDetail=0
00:00:10.624563 main     VirtualBox: object deleted
